0 info it worked if it ends with ok
1 verbose cli [ '/usr/local/bin/node', '/usr/local/bin/npm', 'start' ]
2 info using npm@3.5.3
3 info using node@v5.2.0
4 verbose run-script [ 'prestart', 'start', 'poststart' ]
5 info lifecycle angular2-starter@1.0.0-rc.4~prestart: angular2-starter@1.0.0-rc.4
6 silly lifecycle angular2-starter@1.0.0-rc.4~prestart: no script for prestart, continuing
7 info lifecycle angular2-starter@1.0.0-rc.4~start: angular2-starter@1.0.0-rc.4
8 verbose lifecycle angular2-starter@1.0.0-rc.4~start: unsafe-perm in lifecycle true
9 verbose lifecycle angular2-starter@1.0.0-rc.4~start: PATH: /usr/local/lib/node_modules/npm/bin/node-gyp-bin:/Users/talmog/Documents/dev/react-native/chat-app-native/node_modules/.bin:/usr/local/bin:/Users/talmog/.rvm/gems/ruby-2.2.1/bin:/Users/talmog/.rvm/gems/ruby-2.2.1@global/bin:/Users/talmog/.rvm/rubies/ruby-2.2.1/bin:/usr/local/bin:/usr/bin:/bin:/usr/sbin:/sbin:/Users/talmog/.rvm/bin
10 verbose lifecycle angular2-starter@1.0.0-rc.4~start: CWD: /Users/talmog/Documents/dev/react-native/chat-app-native
11 silly lifecycle angular2-starter@1.0.0-rc.4~start: Args: [ '-c', 'gulp' ]
12 silly lifecycle angular2-starter@1.0.0-rc.4~start: Returned: code: 1  signal: null
13 info lifecycle angular2-starter@1.0.0-rc.4~start: Failed to exec start script
14 verbose stack Error: angular2-starter@1.0.0-rc.4 start: `gulp`
14 verbose stack Exit status 1
14 verbose stack     at EventEmitter.<anonymous> (/usr/local/lib/node_modules/npm/lib/utils/lifecycle.js:232:16)
14 verbose stack     at emitTwo (events.js:88:13)
14 verbose stack     at EventEmitter.emit (events.js:173:7)
14 verbose stack     at ChildProcess.<anonymous> (/usr/local/lib/node_modules/npm/lib/utils/spawn.js:24:14)
14 verbose stack     at emitTwo (events.js:88:13)
14 verbose stack     at ChildProcess.emit (events.js:173:7)
14 verbose stack     at maybeClose (internal/child_process.js:819:16)
14 verbose stack     at Process.ChildProcess._handle.onexit (internal/child_process.js:212:5)
15 verbose pkgid angular2-starter@1.0.0-rc.4
16 verbose cwd /Users/talmog/Documents/dev/react-native/chat-app-native
17 error Darwin 15.6.0
18 error argv "/usr/local/bin/node" "/usr/local/bin/npm" "start"
19 error node v5.2.0
20 error npm  v3.5.3
21 error code ELIFECYCLE
22 error angular2-starter@1.0.0-rc.4 start: `gulp`
22 error Exit status 1
23 error Failed at the angular2-starter@1.0.0-rc.4 start script 'gulp'.
23 error Make sure you have the latest version of node.js and npm installed.
23 error If you do, this is most likely a problem with the angular2-starter package,
23 error not with npm itself.
23 error Tell the author that this fails on your system:
23 error     gulp
23 error You can get information on how to open an issue for this project with:
23 error     npm bugs angular2-starter
23 error Or if that isn't available, you can get their info via:
23 error     npm owner ls angular2-starter
23 error There is likely additional logging output above.
24 verbose exit [ 1, true ]
